<?xml version="1.0" encoding="UTF-8"?>
<testsuite xmlns:xsi="http://www.w3.org/2001/XMLSchema-instance" xsi:noNamespaceSchemaLocation="https://maven.apache.org/surefire/maven-surefire-plugin/xsd/surefire-test-report.xsd" name="TestSuite" time="151.083" tests="24" errors="0" skipped="0" failures="0">
  <properties>
    <property name="sun.desktop" value="windows"/>
    <property name="awt.toolkit" value="sun.awt.windows.WToolkit"/>
    <property name="file.encoding.pkg" value="sun.io"/>
    <property name="java.specification.version" value="1.8"/>
    <property name="sun.cpu.isalist" value="amd64"/>
    <property name="sun.jnu.encoding" value="Cp1252"/>
    <property name="java.class.path" value="C:\Users\apothuaud\Documents\GitHub\thorium\selenium-regression-tests\target\test-classes;C:\Users\apothuaud\Documents\GitHub\thorium\selenium-regression-tests\target\classes;C:\Users\apothuaud\.m2\repository\com\thorium\selenium-page-objects\1.0-SNAPSHOT\selenium-page-objects-1.0-SNAPSHOT.jar;C:\Users\apothuaud\.m2\repository\org\seleniumhq\selenium\selenium-java\3.14.0\selenium-java-3.14.0.jar;C:\Users\apothuaud\.m2\repository\org\seleniumhq\selenium\selenium-api\3.14.0\selenium-api-3.14.0.jar;C:\Users\apothuaud\.m2\repository\org\seleniumhq\selenium\selenium-chrome-driver\3.14.0\selenium-chrome-driver-3.14.0.jar;C:\Users\apothuaud\.m2\repository\org\seleniumhq\selenium\selenium-edge-driver\3.14.0\selenium-edge-driver-3.14.0.jar;C:\Users\apothuaud\.m2\repository\org\seleniumhq\selenium\selenium-firefox-driver\3.14.0\selenium-firefox-driver-3.14.0.jar;C:\Users\apothuaud\.m2\repository\org\seleniumhq\selenium\selenium-ie-driver\3.14.0\selenium-ie-driver-3.14.0.jar;C:\Users\apothuaud\.m2\repository\org\seleniumhq\selenium\selenium-opera-driver\3.14.0\selenium-opera-driver-3.14.0.jar;C:\Users\apothuaud\.m2\repository\org\seleniumhq\selenium\selenium-remote-driver\3.14.0\selenium-remote-driver-3.14.0.jar;C:\Users\apothuaud\.m2\repository\org\seleniumhq\selenium\selenium-safari-driver\3.14.0\selenium-safari-driver-3.14.0.jar;C:\Users\apothuaud\.m2\repository\org\seleniumhq\selenium\selenium-support\3.14.0\selenium-support-3.14.0.jar;C:\Users\apothuaud\.m2\repository\net\bytebuddy\byte-buddy\1.8.15\byte-buddy-1.8.15.jar;C:\Users\apothuaud\.m2\repository\org\apache\commons\commons-exec\1.3\commons-exec-1.3.jar;C:\Users\apothuaud\.m2\repository\commons-codec\commons-codec\1.10\commons-codec-1.10.jar;C:\Users\apothuaud\.m2\repository\commons-logging\commons-logging\1.2\commons-logging-1.2.jar;C:\Users\apothuaud\.m2\repository\com\google\guava\guava\25.0-jre\guava-25.0-jre.jar;C:\Users\apothuaud\.m2\repository\com\google\code\findbugs\jsr305\1.3.9\jsr305-1.3.9.jar;C:\Users\apothuaud\.m2\repository\org\checkerframework\checker-compat-qual\2.0.0\checker-compat-qual-2.0.0.jar;C:\Users\apothuaud\.m2\repository\com\google\errorprone\error_prone_annotations\2.1.3\error_prone_annotations-2.1.3.jar;C:\Users\apothuaud\.m2\repository\com\google\j2objc\j2objc-annotations\1.1\j2objc-annotations-1.1.jar;C:\Users\apothuaud\.m2\repository\org\codehaus\mojo\animal-sniffer-annotations\1.14\animal-sniffer-annotations-1.14.jar;C:\Users\apothuaud\.m2\repository\org\apache\httpcomponents\httpclient\4.5.5\httpclient-4.5.5.jar;C:\Users\apothuaud\.m2\repository\org\apache\httpcomponents\httpcore\4.4.9\httpcore-4.4.9.jar;C:\Users\apothuaud\.m2\repository\com\squareup\okhttp3\okhttp\3.10.0\okhttp-3.10.0.jar;C:\Users\apothuaud\.m2\repository\com\squareup\okio\okio\1.14.1\okio-1.14.1.jar;C:\Users\apothuaud\.m2\repository\com\fasterxml\jackson\core\jackson-databind\2.9.7\jackson-databind-2.9.7.jar;C:\Users\apothuaud\.m2\repository\com\fasterxml\jackson\core\jackson-annotations\2.9.0\jackson-annotations-2.9.0.jar;C:\Users\apothuaud\.m2\repository\com\fasterxml\jackson\core\jackson-core\2.9.7\jackson-core-2.9.7.jar;C:\Users\apothuaud\.m2\repository\org\tinylog\tinylog\1.3.5\tinylog-1.3.5.jar;C:\Users\apothuaud\.m2\repository\org\testng\testng\6.14.3\testng-6.14.3.jar;C:\Users\apothuaud\.m2\repository\com\beust\jcommander\1.72\jcommander-1.72.jar;C:\Users\apothuaud\.m2\repository\org\apache-extras\beanshell\bsh\2.0b6\bsh-2.0b6.jar;"/>
    <property name="java.vm.vendor" value="Oracle Corporation"/>
    <property name="sun.arch.data.model" value="64"/>
    <property name="user.variant" value=""/>
    <property name="java.vendor.url" value="http://java.oracle.com/"/>
    <property name="user.timezone" value="Europe/Paris"/>
    <property name="java.vm.specification.version" value="1.8"/>
    <property name="os.name" value="Windows 7"/>
    <property name="user.country" value="FR"/>
    <property name="sun.java.launcher" value="SUN_STANDARD"/>
    <property name="sun.boot.library.path" value="C:\Program Files\Java\jdk1.8.0_181\jre\bin"/>
    <property name="sun.java.command" value="C:\Users\APOTHU~1\AppData\Local\Temp\surefire4229874631948845824\surefirebooter5047506961814251467.jar C:\Users\apothuaud\AppData\Local\Temp\surefire4229874631948845824 2018-11-28T12-46-28_279-jvmRun1 surefire2536020887592257297tmp surefire_07825688442795427813tmp"/>
    <property name="surefire.test.class.path" value="C:\Users\apothuaud\Documents\GitHub\thorium\selenium-regression-tests\target\test-classes;C:\Users\apothuaud\Documents\GitHub\thorium\selenium-regression-tests\target\classes;C:\Users\apothuaud\.m2\repository\com\thorium\selenium-page-objects\1.0-SNAPSHOT\selenium-page-objects-1.0-SNAPSHOT.jar;C:\Users\apothuaud\.m2\repository\org\seleniumhq\selenium\selenium-java\3.14.0\selenium-java-3.14.0.jar;C:\Users\apothuaud\.m2\repository\org\seleniumhq\selenium\selenium-api\3.14.0\selenium-api-3.14.0.jar;C:\Users\apothuaud\.m2\repository\org\seleniumhq\selenium\selenium-chrome-driver\3.14.0\selenium-chrome-driver-3.14.0.jar;C:\Users\apothuaud\.m2\repository\org\seleniumhq\selenium\selenium-edge-driver\3.14.0\selenium-edge-driver-3.14.0.jar;C:\Users\apothuaud\.m2\repository\org\seleniumhq\selenium\selenium-firefox-driver\3.14.0\selenium-firefox-driver-3.14.0.jar;C:\Users\apothuaud\.m2\repository\org\seleniumhq\selenium\selenium-ie-driver\3.14.0\selenium-ie-driver-3.14.0.jar;C:\Users\apothuaud\.m2\repository\org\seleniumhq\selenium\selenium-opera-driver\3.14.0\selenium-opera-driver-3.14.0.jar;C:\Users\apothuaud\.m2\repository\org\seleniumhq\selenium\selenium-remote-driver\3.14.0\selenium-remote-driver-3.14.0.jar;C:\Users\apothuaud\.m2\repository\org\seleniumhq\selenium\selenium-safari-driver\3.14.0\selenium-safari-driver-3.14.0.jar;C:\Users\apothuaud\.m2\repository\org\seleniumhq\selenium\selenium-support\3.14.0\selenium-support-3.14.0.jar;C:\Users\apothuaud\.m2\repository\net\bytebuddy\byte-buddy\1.8.15\byte-buddy-1.8.15.jar;C:\Users\apothuaud\.m2\repository\org\apache\commons\commons-exec\1.3\commons-exec-1.3.jar;C:\Users\apothuaud\.m2\repository\commons-codec\commons-codec\1.10\commons-codec-1.10.jar;C:\Users\apothuaud\.m2\repository\commons-logging\commons-logging\1.2\commons-logging-1.2.jar;C:\Users\apothuaud\.m2\repository\com\google\guava\guava\25.0-jre\guava-25.0-jre.jar;C:\Users\apothuaud\.m2\repository\com\google\code\findbugs\jsr305\1.3.9\jsr305-1.3.9.jar;C:\Users\apothuaud\.m2\repository\org\checkerframework\checker-compat-qual\2.0.0\checker-compat-qual-2.0.0.jar;C:\Users\apothuaud\.m2\repository\com\google\errorprone\error_prone_annotations\2.1.3\error_prone_annotations-2.1.3.jar;C:\Users\apothuaud\.m2\repository\com\google\j2objc\j2objc-annotations\1.1\j2objc-annotations-1.1.jar;C:\Users\apothuaud\.m2\repository\org\codehaus\mojo\animal-sniffer-annotations\1.14\animal-sniffer-annotations-1.14.jar;C:\Users\apothuaud\.m2\repository\org\apache\httpcomponents\httpclient\4.5.5\httpclient-4.5.5.jar;C:\Users\apothuaud\.m2\repository\org\apache\httpcomponents\httpcore\4.4.9\httpcore-4.4.9.jar;C:\Users\apothuaud\.m2\repository\com\squareup\okhttp3\okhttp\3.10.0\okhttp-3.10.0.jar;C:\Users\apothuaud\.m2\repository\com\squareup\okio\okio\1.14.1\okio-1.14.1.jar;C:\Users\apothuaud\.m2\repository\com\fasterxml\jackson\core\jackson-databind\2.9.7\jackson-databind-2.9.7.jar;C:\Users\apothuaud\.m2\repository\com\fasterxml\jackson\core\jackson-annotations\2.9.0\jackson-annotations-2.9.0.jar;C:\Users\apothuaud\.m2\repository\com\fasterxml\jackson\core\jackson-core\2.9.7\jackson-core-2.9.7.jar;C:\Users\apothuaud\.m2\repository\org\tinylog\tinylog\1.3.5\tinylog-1.3.5.jar;C:\Users\apothuaud\.m2\repository\org\testng\testng\6.14.3\testng-6.14.3.jar;C:\Users\apothuaud\.m2\repository\com\beust\jcommander\1.72\jcommander-1.72.jar;C:\Users\apothuaud\.m2\repository\org\apache-extras\beanshell\bsh\2.0b6\bsh-2.0b6.jar;"/>
    <property name="sun.cpu.endian" value="little"/>
    <property name="user.home" value="C:\Users\apothuaud"/>
    <property name="user.language" value="fr"/>
    <property name="java.specification.vendor" value="Oracle Corporation"/>
    <property name="java.home" value="C:\Program Files\Java\jdk1.8.0_181\jre"/>
    <property name="basedir" value="C:\Users\apothuaud\Documents\GitHub\thorium\selenium-regression-tests"/>
    <property name="file.separator" value="\"/>
    <property name="line.separator" value="&#10;"/>
    <property name="java.vm.specification.vendor" value="Oracle Corporation"/>
    <property name="java.specification.name" value="Java Platform API Specification"/>
    <property name="java.awt.graphicsenv" value="sun.awt.Win32GraphicsEnvironment"/>
    <property name="surefire.real.class.path" value="C:\Users\APOTHU~1\AppData\Local\Temp\surefire4229874631948845824\surefirebooter5047506961814251467.jar"/>
    <property name="sun.boot.class.path" value="C:\Program Files\Java\jdk1.8.0_181\jre\lib\resources.jar;C:\Program Files\Java\jdk1.8.0_181\jre\lib\rt.jar;C:\Program Files\Java\jdk1.8.0_181\jre\lib\sunrsasign.jar;C:\Program Files\Java\jdk1.8.0_181\jre\lib\jsse.jar;C:\Program Files\Java\jdk1.8.0_181\jre\lib\jce.jar;C:\Program Files\Java\jdk1.8.0_181\jre\lib\charsets.jar;C:\Program Files\Java\jdk1.8.0_181\jre\lib\jfr.jar;C:\Program Files\Java\jdk1.8.0_181\jre\classes"/>
    <property name="user.script" value=""/>
    <property name="sun.management.compiler" value="HotSpot 64-Bit Tiered Compilers"/>
    <property name="java.runtime.version" value="1.8.0_181-b13"/>
    <property name="user.name" value="apothuaud"/>
    <property name="path.separator" value=";"/>
    <property name="os.version" value="6.1"/>
    <property name="java.endorsed.dirs" value="C:\Program Files\Java\jdk1.8.0_181\jre\lib\endorsed"/>
    <property name="java.runtime.name" value="Java(TM) SE Runtime Environment"/>
    <property name="file.encoding" value="Cp1252"/>
    <property name="java.vm.name" value="Java HotSpot(TM) 64-Bit Server VM"/>
    <property name="localRepository" value="C:\Users\apothuaud\.m2\repository"/>
    <property name="java.vendor.url.bug" value="http://bugreport.sun.com/bugreport/"/>
    <property name="java.io.tmpdir" value="C:\Users\APOTHU~1\AppData\Local\Temp\"/>
    <property name="idea.version" value="2018.2.4"/>
    <property name="java.version" value="1.8.0_181"/>
    <property name="user.dir" value="C:\Users\apothuaud\Documents\GitHub\thorium\selenium-regression-tests"/>
    <property name="os.arch" value="amd64"/>
    <property name="java.vm.specification.name" value="Java Virtual Machine Specification"/>
    <property name="java.awt.printerjob" value="sun.awt.windows.WPrinterJob"/>
    <property name="sun.os.patch.level" value="Service Pack 1"/>
    <property name="java.library.path" value="C:\Program Files\Java\jdk1.8.0_181\jre\bin;C:\WINDOWS\Sun\Java\bin;C:\WINDOWS\system32;C:\WINDOWS;C:\Program Files (x86)\Common Files\Oracle\Java\javapath;C:\ProgramData\Oracle\Java\javapath;C:\WINDOWS\system32;C:\WINDOWS;C:\WINDOWS\System32\Wbem;C:\WINDOWS\System32\WindowsPowerShell\v1.0\;C:\WINDOWS\System32\WindowsPowerShell\v1.0\;C:\Program Files\Intel\WiFi\bin\;C:\Program Files\Common Files\Intel\WirelessCommon\;C:\Program Files\nodejs\;C:\Program Files\Git\cmd;C:\Program Files\Java\jdk1.8.0_181\bin;C:\Program Files\nodejs;C:\Program Files\apache-maven-3.5.4\bin;C:\WINDOWS\System32\WindowsPowerShell\v1.0\;C:\Users\apothuaud\AppData\Roaming\npm;C:\Users\apothuaud\AppData\Local\GitHubDesktop\bin;C:\Program Files\Docker Toolbox;C:\Users\apothuaud\AppData\Local\atom\bin;."/>
    <property name="java.vm.info" value="mixed mode"/>
    <property name="java.vendor" value="New Oracle"/>
    <property name="java.vm.version" value="25.181-b13"/>
    <property name="java.ext.dirs" value="C:\Program Files\Java\jdk1.8.0_181\jre\lib\ext;C:\WINDOWS\Sun\Java\lib\ext"/>
    <property name="sun.io.unicode.encoding" value="UnicodeLittle"/>
    <property name="java.class.version" value="52.0"/>
  </properties>
  <testcase name="testOpenHomePage" classname="com.apothuaud.selenium.clickclack.web.tests.draft.v1.HomePageUnitTestSet" time="9.736"/>
  <testcase name="testHomePageToListPage" classname="com.apothuaud.selenium.clickclack.web.tests.draft.v1.HomePageIntegrationTestSet" time="7.243"/>
  <testcase name="testOpenClacksPage" classname="com.apothuaud.selenium.clickclack.web.tests.draft.v1.ClacksListPageUnitTestSet" time="0.508"/>
  <testcase name="testListPageToCreatePage" classname="com.apothuaud.selenium.clickclack.web.tests.draft.v1.ClacksListPageIntegrationTestSet" time="0.59"/>
  <testcase name="testListPageToDetailsPage" classname="com.apothuaud.selenium.clickclack.web.tests.draft.v1.ClacksListPageIntegrationTestSet" time="0.726"/>
  <testcase name="testListPageToHomePage" classname="com.apothuaud.selenium.clickclack.web.tests.draft.v1.ClacksListPageIntegrationTestSet" time="0.595"/>
  <testcase name="testListPageToUpdatePage" classname="com.apothuaud.selenium.clickclack.web.tests.draft.v1.ClacksListPageIntegrationTestSet" time="0.788"/>
  <testcase name="testOpenCreateClackPage" classname="com.apothuaud.selenium.clickclack.web.tests.draft.v1.ClacksCreatePageUnitTestSet" time="0.357"/>
  <testcase name="testCreatePageToListPage" classname="com.apothuaud.selenium.clickclack.web.tests.draft.v1.ClacksCreatePageIntegrationTestSet" time="0.639"/>
  <testcase name="testCreateFormAddFields" classname="com.apothuaud.selenium.clickclack.web.tests.draft.v1.ClacksCreatePageFunctionalTestSet" time="0.474"/>
  <testcase name="testCreateFormRemoveFields" classname="com.apothuaud.selenium.clickclack.web.tests.draft.v1.ClacksCreatePageFunctionalTestSet" time="0.135"/>
  <testcase name="testOpenClackDetailsPage" classname="com.apothuaud.selenium.clickclack.web.tests.draft.v1.ClacksDetailsPageUnitTestSet" time="0.509"/>
  <testcase name="testDetailsPageToListPage" classname="com.apothuaud.selenium.clickclack.web.tests.draft.v1.ClacksDetailsPageIntegrationTestSet" time="0.718"/>
  <testcase name="testDetailsPageToUpdatePage" classname="com.apothuaud.selenium.clickclack.web.tests.draft.v1.ClacksDetailsPageIntegrationTestSet" time="0.75"/>
  <testcase name="testErrorClackNotFound" classname="com.apothuaud.selenium.clickclack.web.tests.draft.v1.ClacksDetailsPageFunctionalTestSet" time="0.312"/>
  <testcase name="testOpenClackUpdatePage" classname="com.apothuaud.selenium.clickclack.web.tests.draft.v1.ClacksUpdatePageUnitTestSet" time="0.447"/>
  <testcase name="testDetailsPageToListPage" classname="com.apothuaud.selenium.clickclack.web.tests.draft.v1.ClacksUpdatePageIntegrationTestSet" time="0.728"/>
  <testcase name="testUpdateFormAddFields" classname="com.apothuaud.selenium.clickclack.web.tests.draft.v1.ClacksUpdatePageFunctionalTestSet" time="0.535"/>
  <testcase name="testUpdateFormRemoveFields" classname="com.apothuaud.selenium.clickclack.web.tests.draft.v1.ClacksUpdatePageFunctionalTestSet" time="0.076"/>
  <testcase name="testOpenClacksDeletePage" classname="com.apothuaud.selenium.clickclack.web.tests.draft.v1.ClacksDeletePageUnitTestSet" time="0.532"/>
  <testcase name="testDeletePageToListPage" classname="com.apothuaud.selenium.clickclack.web.tests.draft.v1.ClacksDeletePageIntegrationTestSet" time="0.71"/>
  <testcase name="testDeletePageConfirmToDelete" classname="com.apothuaud.selenium.clickclack.web.tests.draft.v1.ClacksDeletePageFunctionalTestSet" time="3.527"/>
  <testcase name="testDeletePageRefuseToDelete" classname="com.apothuaud.selenium.clickclack.web.tests.draft.v1.ClacksDeletePageFunctionalTestSet" time="2.431"/>
  <testcase name="testCRUDClack" classname="com.apothuaud.selenium.clickclack.web.tests.draft.v1.ClacksEndToEndTestSet" time="4.263"/>
</testsuite>