<?xml version="1.0" encoding="UTF-8"?>
<!-- Generated by org.testng.reporters.JUnitReportReporter -->
<testsuite skipped="0" hostname="L-5CG5435LFM" name="com.apothuaud.selenium.clickclack.web.tests.draft.v1.ClacksListPageUnitTestSet" tests="1" failures="0" timestamp="28 nov. 2018 11:49:00 GMT" time="0.508" errors="0">
  <testcase name="testOpenClacksPage" time="0.508" classname="com.apothuaud.selenium.clickclack.web.tests.draft.v1.ClacksListPageUnitTestSet"/>
</testsuite> <!-- com.apothuaud.selenium.clickclack.web.tests.draft.v1.ClacksListPageUnitTestSet -->
