<?xml version="1.0" encoding="UTF-8"?>
<!-- Generated by org.testng.reporters.JUnitReportReporter -->
<testsuite skipped="0" hostname="L-5CG5435LFM" name="com.apothuaud.selenium.clickclack.web.tests.draft.v1.ClacksDetailsPageUnitTestSet" tests="1" failures="0" timestamp="28 nov. 2018 11:48:59 GMT" time="1.745" errors="0">
  <testcase name="testOpenClackDetailsPage" time="1.745" classname="com.apothuaud.selenium.clickclack.web.tests.draft.v1.ClacksDetailsPageUnitTestSet"/>
</testsuite> <!-- com.apothuaud.selenium.clickclack.web.tests.draft.v1.ClacksDetailsPageUnitTestSet -->
