<?xml version="1.0" encoding="UTF-8"?>
<!-- Generated by org.testng.reporters.JUnitReportReporter -->
<testsuite skipped="0" hostname="L-5CG5435LFM" name="com.apothuaud.selenium.clickclack.web.tests.draft.v1.ClacksListPageIntegrationTestSet" tests="4" failures="0" timestamp="28 nov. 2018 11:48:59 GMT" time="7.089" errors="0">
  <testcase name="testListPageToCreatePage" time="1.800" classname="com.apothuaud.selenium.clickclack.web.tests.draft.v1.ClacksListPageIntegrationTestSet"/>
  <testcase name="testListPageToHomePage" time="1.757" classname="com.apothuaud.selenium.clickclack.web.tests.draft.v1.ClacksListPageIntegrationTestSet"/>
  <testcase name="testListPageToDetailsPage" time="1.703" classname="com.apothuaud.selenium.clickclack.web.tests.draft.v1.ClacksListPageIntegrationTestSet"/>
  <testcase name="testListPageToUpdatePage" time="1.829" classname="com.apothuaud.selenium.clickclack.web.tests.draft.v1.ClacksListPageIntegrationTestSet"/>
</testsuite> <!-- com.apothuaud.selenium.clickclack.web.tests.draft.v1.ClacksListPageIntegrationTestSet -->
