<?xml version="1.0" encoding="UTF-8"?>
<!-- Generated by org.testng.reporters.JUnitReportReporter -->
<testsuite skipped="0" hostname="L-5CG5435LFM" name="com.apothuaud.selenium.clickclack.web.tests.draft.v1.ClacksCreatePageFunctionalTestSet" tests="2" failures="0" timestamp="28 nov. 2018 11:48:59 GMT" time="0.609" errors="0">
  <testcase name="testCreateFormRemoveFields" time="0.134" classname="com.apothuaud.selenium.clickclack.web.tests.draft.v1.ClacksCreatePageFunctionalTestSet"/>
  <testcase name="testCreateFormAddFields" time="0.475" classname="com.apothuaud.selenium.clickclack.web.tests.draft.v1.ClacksCreatePageFunctionalTestSet"/>
</testsuite> <!-- com.apothuaud.selenium.clickclack.web.tests.draft.v1.ClacksCreatePageFunctionalTestSet -->
