<?xml version="1.0" encoding="UTF-8"?>
<!-- Generated by org.testng.reporters.JUnitReportReporter -->
<testsuite skipped="0" hostname="L-5CG5435LFM" name="com.apothuaud.selenium.clickclack.web.tests.draft.v1.ClacksUpdatePageUnitTestSet" tests="1" failures="0" timestamp="28 nov. 2018 11:48:59 GMT" time="1.433" errors="0">
  <testcase name="testOpenClackUpdatePage" time="1.433" classname="com.apothuaud.selenium.clickclack.web.tests.draft.v1.ClacksUpdatePageUnitTestSet"/>
</testsuite> <!-- com.apothuaud.selenium.clickclack.web.tests.draft.v1.ClacksUpdatePageUnitTestSet -->
