<?xml version="1.0" encoding="UTF-8"?>
<!-- Generated by org.testng.reporters.JUnitReportReporter -->
<testsuite skipped="0" hostname="L-5CG5435LFM" name="com.apothuaud.selenium.clickclack.web.tests.draft.v1.ClacksDeletePageFunctionalTestSet" tests="2" failures="0" timestamp="28 nov. 2018 11:48:59 GMT" time="8.131" errors="0">
  <testcase name="testDeletePageConfirmToDelete" time="4.475" classname="com.apothuaud.selenium.clickclack.web.tests.draft.v1.ClacksDeletePageFunctionalTestSet"/>
  <testcase name="testDeletePageRefuseToDelete" time="3.656" classname="com.apothuaud.selenium.clickclack.web.tests.draft.v1.ClacksDeletePageFunctionalTestSet"/>
</testsuite> <!-- com.apothuaud.selenium.clickclack.web.tests.draft.v1.ClacksDeletePageFunctionalTestSet -->
